0 info it worked if it ends with ok
1 verbose cli [ '/usr/local/bin/node',
1 verbose cli   '/usr/local/bin/npm',
1 verbose cli   'install',
1 verbose cli   '-g',
1 verbose cli   'phantomjs' ]
2 info using npm@2.11.3
3 info using node@v0.12.7
4 verbose install initial load of /usr/local/lib/package.json
5 verbose readDependencies loading dependencies from /usr/local/lib/package.json
6 silly cache add args [ 'phantomjs', null ]
7 verbose cache add spec phantomjs
8 silly cache add parsed spec { raw: 'phantomjs',
8 silly cache add   scope: null,
8 silly cache add   name: 'phantomjs',
8 silly cache add   rawSpec: '',
8 silly cache add   spec: '*',
8 silly cache add   type: 'range' }
9 silly addNamed phantomjs@*
10 verbose addNamed "*" is a valid semver range for phantomjs
11 silly addNameRange { name: 'phantomjs', range: '*', hasData: false }
12 silly mapToRegistry name phantomjs
13 silly mapToRegistry using default registry
14 silly mapToRegistry registry https://registry.npmjs.org/
15 silly mapToRegistry uri https://registry.npmjs.org/phantomjs
16 verbose addNameRange registry:https://registry.npmjs.org/phantomjs not in flight; fetching
17 verbose request uri https://registry.npmjs.org/phantomjs
18 verbose request no auth needed
19 info attempt registry request try #1 at 12:14:45 AM
20 verbose request id c405bc3eddb4bb51
21 verbose etag "LXV5F2GICYQ0IP29CVPYRK4T"
22 http request GET https://registry.npmjs.org/phantomjs
23 http 304 https://registry.npmjs.org/phantomjs
24 silly get cb [ 304,
24 silly get   { date: 'Mon, 14 Sep 2015 21:14:48 GMT',
24 silly get     via: '1.1 varnish',
24 silly get     'cache-control': 'max-age=60',
24 silly get     etag: '"LXV5F2GICYQ0IP29CVPYRK4T"',
24 silly get     age: '34',
24 silly get     connection: 'keep-alive',
24 silly get     'x-served-by': 'cache-fra1240-FRA',
24 silly get     'x-cache': 'HIT',
24 silly get     'x-cache-hits': '95',
24 silly get     'x-timer': 'S1442265288.872543,VS0,VE0',
24 silly get     vary: 'Accept' } ]
25 verbose etag https://registry.npmjs.org/phantomjs from cache
26 verbose get saving phantomjs to /home/maghraby/.npm/registry.npmjs.org/phantomjs/.cache.json
27 silly addNameRange number 2 { name: 'phantomjs', range: '*', hasData: true }
28 silly addNameRange versions [ 'phantomjs',
28 silly addNameRange   [ '0.0.1',
28 silly addNameRange     '0.0.2',
28 silly addNameRange     '0.0.3',
28 silly addNameRange     '0.0.4',
28 silly addNameRange     '0.0.5',
28 silly addNameRange     '0.0.6',
28 silly addNameRange     '0.0.7',
28 silly addNameRange     '0.0.8',
28 silly addNameRange     '0.0.9',
28 silly addNameRange     '0.1.0',
28 silly addNameRange     '0.1.1',
28 silly addNameRange     '0.2.0',
28 silly addNameRange     '0.2.1',
28 silly addNameRange     '0.2.2',
28 silly addNameRange     '0.2.3',
28 silly addNameRange     '0.2.4',
28 silly addNameRange     '0.2.5',
28 silly addNameRange     '0.2.6',
28 silly addNameRange     '1.8.0-1',
28 silly addNameRange     '1.8.1-1',
28 silly addNameRange     '1.8.1-2',
28 silly addNameRange     '1.8.1-3',
28 silly addNameRange     '1.8.2-0',
28 silly addNameRange     '1.8.2-1',
28 silly addNameRange     '1.8.2-2',
28 silly addNameRange     '1.9.0-0',
28 silly addNameRange     '1.9.0-1',
28 silly addNameRange     '1.9.0-2',
28 silly addNameRange     '1.9.0-3',
28 silly addNameRange     '1.9.0-4',
28 silly addNameRange     '1.9.0-5',
28 silly addNameRange     '1.9.0-6',
28 silly addNameRange     '1.9.1-0',
28 silly addNameRange     '1.9.1-2',
28 silly addNameRange     '1.9.1-3',
28 silly addNameRange     '1.9.1-4',
28 silly addNameRange     '1.9.1-5',
28 silly addNameRange     '1.9.1-6',
28 silly addNameRange     '1.9.1-7',
28 silly addNameRange     '1.9.1-8',
28 silly addNameRange     '1.9.1-9',
28 silly addNameRange     '1.9.2-0',
28 silly addNameRange     '1.9.2-1',
28 silly addNameRange     '1.9.2-2',
28 silly addNameRange     '1.9.2-3',
28 silly addNameRange     '1.9.2-4',
28 silly addNameRange     '1.9.2-5',
28 silly addNameRange     '1.9.2-6',
28 silly addNameRange     '1.9.6-0',
28 silly addNameRange     '1.9.7-1',
28 silly addNameRange     '1.9.7-3',
28 silly addNameRange     '1.9.7-4',
28 silly addNameRange     '1.9.7-5',
28 silly addNameRange     '1.9.7-6',
28 silly addNameRange     '1.9.7-7',
28 silly addNameRange     '1.9.7-8',
28 silly addNameRange     '1.9.7-9',
28 silly addNameRange     '1.9.7-10',
28 silly addNameRange     '1.9.7-11',
28 silly addNameRange     '1.9.7-12',
28 silly addNameRange     '1.9.7-13',
28 silly addNameRange     '1.9.7-14',
28 silly addNameRange     '1.9.7-15',
28 silly addNameRange     '1.8.2-3',
28 silly addNameRange     '1.9.8',
28 silly addNameRange     '1.9.9',
28 silly addNameRange     '1.9.10',
28 silly addNameRange     '1.9.11',
28 silly addNameRange     '1.9.12',
28 silly addNameRange     '1.9.13',
28 silly addNameRange     '1.9.15',
28 silly addNameRange     '1.9.16',
28 silly addNameRange     '1.9.17',
28 silly addNameRange     '1.9.18' ] ]
29 silly addNamed phantomjs@1.9.18
30 verbose addNamed "1.9.18" is a plain semver version for phantomjs
31 silly cache afterAdd phantomjs@1.9.18
32 verbose afterAdd /home/maghraby/.npm/phantomjs/1.9.18/package/package.json not in flight; writing
33 verbose afterAdd /home/maghraby/.npm/phantomjs/1.9.18/package/package.json written
34 silly install resolved [ { name: 'phantomjs',
34 silly install resolved     version: '1.9.18',
34 silly install resolved     keywords: [ 'phantomjs', 'headless', 'webkit' ],
34 silly install resolved     description: 'Headless WebKit with JS API',
34 silly install resolved     homepage: 'https://github.com/Medium/phantomjs',
34 silly install resolved     repository: { type: 'git', url: 'git://github.com/Medium/phantomjs.git' },
34 silly install resolved     license: 'Apache-2.0',
34 silly install resolved     author:
34 silly install resolved      { name: 'Dan Pupius',
34 silly install resolved        email: 'dan@obvious.com',
34 silly install resolved        url: 'http://pupius.co.uk' },
34 silly install resolved     maintainers: [ [Object], [Object], [Object] ],
34 silly install resolved     main: 'lib/phantomjs',
34 silly install resolved     bin: { phantomjs: './bin/phantomjs' },
34 silly install resolved     scripts:
34 silly install resolved      { install: 'node install.js',
34 silly install resolved        test: 'nodeunit --reporter=minimal test/tests.js' },
34 silly install resolved     dependencies:
34 silly install resolved      { 'adm-zip': '0.4.4',
34 silly install resolved        'fs-extra': '~0.23.1',
34 silly install resolved        kew: '0.4.0',
34 silly install resolved        npmconf: '2.1.1',
34 silly install resolved        progress: '1.1.8',
34 silly install resolved        request: '2.42.0',
34 silly install resolved        'request-progress': '0.3.1',
34 silly install resolved        which: '~1.0.5' },
34 silly install resolved     devDependencies: { nodeunit: '0.9.0' },
34 silly install resolved     gitHead: '5819192400c4b18b6803a79e8672b42bc9f2649d',
34 silly install resolved     bugs: { url: 'https://github.com/Medium/phantomjs/issues' },
34 silly install resolved     _id: 'phantomjs@1.9.18',
34 silly install resolved     _shasum: 'e876fce89b143a6c01c24e0332ef3822851cace1',
34 silly install resolved     _from: 'phantomjs@*',
34 silly install resolved     _npmVersion: '2.11.3',
34 silly install resolved     _nodeVersion: '0.12.7',
34 silly install resolved     _npmUser: { name: 'nicks', email: 'nicholas.j.santos@gmail.com' },
34 silly install resolved     dist:
34 silly install resolved      { shasum: 'e876fce89b143a6c01c24e0332ef3822851cace1',
34 silly install resolved        tarball: 'http://registry.npmjs.org/phantomjs/-/phantomjs-1.9.18.tgz' },
34 silly install resolved     directories: {},
34 silly install resolved     _resolved: 'https://registry.npmjs.org/phantomjs/-/phantomjs-1.9.18.tgz',
34 silly install resolved     readme: 'ERROR: No README data found!' } ]
35 info install phantomjs@1.9.18 into /usr/local/lib
36 info installOne phantomjs@1.9.18
37 verbose installOne of phantomjs to /usr/local/lib not in flight; installing
38 verbose lock using /home/maghraby/.npm/_locks/phantomjs-9e1b60a177ba69d8.lock for /usr/local/lib/node_modules/phantomjs
39 silly install write writing phantomjs 1.9.18 to /usr/local/lib/node_modules/phantomjs
40 verbose unbuild lib/node_modules/phantomjs
41 silly gentlyRm /usr/local/lib/node_modules/phantomjs is being purged from base /usr/local
42 verbose gentlyRm don't care about contents; nuking /usr/local/lib/node_modules/phantomjs
43 verbose tar unpack /home/maghraby/.npm/phantomjs/1.9.18/package.tgz
44 verbose tar unpacking to /usr/local/lib/node_modules/phantomjs
45 silly gentlyRm /usr/local/lib/node_modules/phantomjs is being purged
46 verbose gentlyRm don't care about contents; nuking /usr/local/lib/node_modules/phantomjs
47 silly gunzTarPerm modes [ '775', '664' ]
48 error tar.unpack untar error /home/maghraby/.npm/phantomjs/1.9.18/package.tgz
49 verbose unlock done using /home/maghraby/.npm/_locks/phantomjs-9e1b60a177ba69d8.lock for /usr/local/lib/node_modules/phantomjs
50 verbose fstream_path /usr/local/lib/node_modules/phantomjs
51 verbose fstream_type Directory
52 verbose fstream_class DirWriter
53 verbose stack Error: EACCES, mkdir '/usr/local/lib/node_modules/phantomjs'
53 verbose stack     at Error (native)
54 verbose fstream_stack /usr/local/lib/node_modules/npm/node_modules/fstream/lib/dir-writer.js:35:25
54 verbose fstream_stack /usr/local/lib/node_modules/npm/node_modules/mkdirp/index.js:47:53
54 verbose fstream_stack FSReqWrap.oncomplete (fs.js:95:15)
55 verbose cwd /var/www/html/maghraby
56 error Linux 3.13.0-24-generic
57 error argv "/usr/local/bin/node" "/usr/local/bin/npm" "install" "-g" "phantomjs"
58 error node v0.12.7
59 error npm  v2.11.3
60 error path /usr/local/lib/node_modules/phantomjs
61 error code EACCES
62 error errno -13
63 error Error: EACCES, mkdir '/usr/local/lib/node_modules/phantomjs'
63 error     at Error (native)
63 error  { [Error: EACCES, mkdir '/usr/local/lib/node_modules/phantomjs']
63 error   errno: -13,
63 error   code: 'EACCES',
63 error   path: '/usr/local/lib/node_modules/phantomjs',
63 error   fstream_type: 'Directory',
63 error   fstream_path: '/usr/local/lib/node_modules/phantomjs',
63 error   fstream_class: 'DirWriter',
63 error   fstream_stack:
63 error    [ '/usr/local/lib/node_modules/npm/node_modules/fstream/lib/dir-writer.js:35:25',
63 error      '/usr/local/lib/node_modules/npm/node_modules/mkdirp/index.js:47:53',
63 error      'FSReqWrap.oncomplete (fs.js:95:15)' ] }
64 error Please try running this command again as root/Administrator.
65 verbose exit [ -13, true ]
66 verbose unbuild lib/node_modules/phantomjs
67 silly gentlyRm /usr/local/lib/node_modules/phantomjs is being purged from base /usr/local
68 verbose gentlyRm don't care about contents; nuking /usr/local/lib/node_modules/phantomjs
